2025-10-25 21:18:26.317 DEBUG [HikariPool-6 housekeeper] com.zaxxer.hikari.pool.HikariPool - HikariPool-6 - Pool stats (total=10, active=0, idle=10, waiting=0)
2025-10-25 21:18:26.321 DEBUG [HikariPool-6 housekeeper] com.zaxxer.hikari.pool.HikariPool - HikariPool-6 - Fill pool skipped, pool has sufficient level or currently being filled (queueDepth=0).
2025-10-25 21:18:39.859 INFO  [MessageBroker-1] o.s.w.s.c.WebSocketMessageBrokerStats - WebSocketSession[0 current WS(0)-HttpStream(0)-HttpPoll(0), 0 total, 0 closed abnormally (0 connect failure, 0 send limit, 0 transport error)], stompSubProtocol[processed CONNECT(0)-CONNECTED(0)-DISCONNECT(0)], stompBrokerRelay[null], inboundChannel[pool size = 0, active threads = 0, queued tasks = 0, completed tasks = 0], outboundChannel[pool size = 0, active threads = 0, queued tasks = 0, completed tasks = 0], sockJsScheduler[pool size = 2, active threads = 1, queued tasks = 1, completed tasks = 0]
2025-10-25 21:18:56.323 DEBUG [HikariPool-6 housekeeper] com.zaxxer.hikari.pool.HikariPool - HikariPool-6 - Pool stats (total=10, active=0, idle=10, waiting=0)
2025-10-25 21:18:56.324 DEBUG [HikariPool-6 housekeeper] com.zaxxer.hikari.pool.HikariPool - HikariPool-6 - Fill pool skipped, pool has sufficient level or currently being filled (queueDepth=0).
2025-10-25 21:19:26.336 DEBUG [HikariPool-6 housekeeper] com.zaxxer.hikari.pool.HikariPool - HikariPool-6 - Pool stats (total=10, active=0, idle=10, waiting=0)
2025-10-25 21:19:26.337 DEBUG [HikariPool-6 housekeeper] com.zaxxer.hikari.pool.HikariPool - HikariPool-6 - Fill pool skipped, pool has sufficient level or currently being filled (queueDepth=0).
2025-10-25 21:19:56.338 DEBUG [HikariPool-6 housekeeper] com.zaxxer.hikari.pool.HikariPool - HikariPool-6 - Pool stats (total=10, active=0, idle=10, waiting=0)
2025-10-25 21:19:56.338 DEBUG [HikariPool-6 housekeeper] com.zaxxer.hikari.pool.HikariPool - HikariPool-6 - Fill pool skipped, pool has sufficient level or currently being filled (queueDepth=0).
2025-10-25 21:20:26.346 DEBUG [HikariPool-6 housekeeper] com.zaxxer.hikari.pool.HikariPool - HikariPool-6 - Pool stats (total=10, active=0, idle=10, waiting=0)
2025-10-25 21:20:26.347 DEBUG [HikariPool-6 housekeeper] com.zaxxer.hikari.pool.HikariPool - HikariPool-6 - Fill pool skipped, pool has sufficient level or currently being filled (queueDepth=0).
2025-10-25 21:20:56.362 DEBUG [HikariPool-6 housekeeper] com.zaxxer.hikari.pool.HikariPool - HikariPool-6 - Pool stats (total=10, active=0, idle=10, waiting=0)
2025-10-25 21:20:56.362 DEBUG [HikariPool-6 housekeeper] com.zaxxer.hikari.pool.HikariPool - HikariPool-6 - Fill pool skipped, pool has sufficient level or currently being filled (queueDepth=0).
2025-10-25 21:21:26.375 DEBUG [HikariPool-6 housekeeper] com.zaxxer.hikari.pool.HikariPool - HikariPool-6 - Pool stats (total=10, active=0, idle=10, waiting=0)
2025-10-25 21:21:26.375 DEBUG [HikariPool-6 housekeeper] com.zaxxer.hikari.pool.HikariPool - HikariPool-6 - Fill pool skipped, pool has sufficient level or currently being filled (queueDepth=0).
2025-10-25 21:21:56.379 DEBUG [HikariPool-6 housekeeper] com.zaxxer.hikari.pool.HikariPool - HikariPool-6 - Pool stats (total=10, active=0, idle=10, waiting=0)
2025-10-25 21:21:56.379 DEBUG [HikariPool-6 housekeeper] com.zaxxer.hikari.pool.HikariPool - HikariPool-6 - Fill pool skipped, pool has sufficient level or currently being filled (queueDepth=0).
2025-10-25 21:22:26.393 DEBUG [HikariPool-6 housekeeper] com.zaxxer.hikari.pool.HikariPool - HikariPool-6 - Pool stats (total=10, active=0, idle=10, waiting=0)
2025-10-25 21:22:26.394 DEBUG [HikariPool-6 housekeeper] com.zaxxer.hikari.pool.HikariPool - HikariPool-6 - Fill pool skipped, pool has sufficient level or currently being filled (queueDepth=0).
2025-10-25 21:22:56.409 DEBUG [HikariPool-6 housekeeper] com.zaxxer.hikari.pool.HikariPool - HikariPool-6 - Pool stats (total=10, active=0, idle=10, waiting=0)
2025-10-25 21:22:56.409 DEBUG [HikariPool-6 housekeeper] com.zaxxer.hikari.pool.HikariPool - HikariPool-6 - Fill pool skipped, pool has sufficient level or currently being filled (queueDepth=0).
2025-10-25 21:23:26.410 DEBUG [HikariPool-6 housekeeper] com.zaxxer.hikari.pool.HikariPool - HikariPool-6 - Pool stats (total=10, active=0, idle=10, waiting=0)
2025-10-25 21:23:26.411 DEBUG [HikariPool-6 housekeeper] com.zaxxer.hikari.pool.HikariPool - HikariPool-6 - Fill pool skipped, pool has sufficient level or currently being filled (queueDepth=0).
2025-10-25 21:23:56.426 DEBUG [HikariPool-6 housekeeper] com.zaxxer.hikari.pool.HikariPool - HikariPool-6 - Pool stats (total=10, active=0, idle=10, waiting=0)
2025-10-25 21:23:56.426 DEBUG [HikariPool-6 housekeeper] com.zaxxer.hikari.pool.HikariPool - HikariPool-6 - Fill pool skipped, pool has sufficient level or currently being filled (queueDepth=0).
2025-10-25 21:24:26.430 DEBUG [HikariPool-6 housekeeper] com.zaxxer.hikari.pool.HikariPool - HikariPool-6 - Pool stats (total=10, active=0, idle=10, waiting=0)
2025-10-25 21:24:26.431 DEBUG [HikariPool-6 housekeeper] com.zaxxer.hikari.pool.HikariPool - HikariPool-6 - Fill pool skipped, pool has sufficient level or currently being filled (queueDepth=0).
2025-10-25 21:24:56.436 DEBUG [HikariPool-6 housekeeper] com.zaxxer.hikari.pool.HikariPool - HikariPool-6 - Pool stats (total=10, active=0, idle=10, waiting=0)
2025-10-25 21:24:56.436 DEBUG [HikariPool-6 housekeeper] com.zaxxer.hikari.pool.HikariPool - HikariPool-6 - Fill pool skipped, pool has sufficient level or currently being filled (queueDepth=0).
2025-10-25 21:25:26.440 DEBUG [HikariPool-6 housekeeper] com.zaxxer.hikari.pool.HikariPool - HikariPool-6 - Pool stats (total=10, active=0, idle=10, waiting=0)
2025-10-25 21:25:26.440 DEBUG [HikariPool-6 housekeeper] com.zaxxer.hikari.pool.HikariPool - HikariPool-6 - Fill pool skipped, pool has sufficient level or currently being filled (queueDepth=0).
2025-10-25 21:25:56.447 DEBUG [HikariPool-6 housekeeper] com.zaxxer.hikari.pool.HikariPool - HikariPool-6 - Pool stats (total=10, active=0, idle=10, waiting=0)
2025-10-25 21:25:56.447 DEBUG [HikariPool-6 housekeeper] com.zaxxer.hikari.pool.HikariPool - HikariPool-6 - Fill pool skipped, pool has sufficient level or currently being filled (queueDepth=0).
2025-10-25 21:26:26.450 DEBUG [HikariPool-6 housekeeper] com.zaxxer.hikari.pool.HikariPool - HikariPool-6 - Pool stats (total=10, active=0, idle=10, waiting=0)
2025-10-25 21:26:26.451 DEBUG [HikariPool-6 housekeeper] com.zaxxer.hikari.pool.HikariPool - HikariPool-6 - Fill pool skipped, pool has sufficient level or currently being filled (queueDepth=0).
2025-10-25 21:26:56.454 DEBUG [HikariPool-6 housekeeper] com.zaxxer.hikari.pool.HikariPool - HikariPool-6 - Pool stats (total=10, active=0, idle=10, waiting=0)
2025-10-25 21:26:56.454 DEBUG [HikariPool-6 housekeeper] com.zaxxer.hikari.pool.HikariPool - HikariPool-6 - Fill pool skipped, pool has sufficient level or currently being filled (queueDepth=0).
2025-10-25 21:27:26.464 DEBUG [HikariPool-6 housekeeper] com.zaxxer.hikari.pool.HikariPool - HikariPool-6 - Pool stats (total=10, active=0, idle=10, waiting=0)
2025-10-25 21:27:26.464 DEBUG [HikariPool-6 housekeeper] com.zaxxer.hikari.pool.HikariPool - HikariPool-6 - Fill pool skipped, pool has sufficient level or currently being filled (queueDepth=0).
2025-10-25 21:27:56.476 DEBUG [HikariPool-6 housekeeper] com.zaxxer.hikari.pool.HikariPool - HikariPool-6 - Pool stats (total=10, active=0, idle=10, waiting=0)
2025-10-25 21:27:56.476 DEBUG [HikariPool-6 housekeeper] com.zaxxer.hikari.pool.HikariPool - HikariPool-6 - Fill pool skipped, pool has sufficient level or currently being filled (queueDepth=0).
2025-10-25 21:28:26.478 DEBUG [HikariPool-6 housekeeper] com.zaxxer.hikari.pool.HikariPool - HikariPool-6 - Pool stats (total=10, active=0, idle=10, waiting=0)
2025-10-25 21:28:26.479 DEBUG [HikariPool-6 housekeeper] com.zaxxer.hikari.pool.HikariPool - HikariPool-6 - Fill pool skipped, pool has sufficient level or currently being filled (queueDepth=0).
2025-10-25 21:28:56.492 DEBUG [HikariPool-6 housekeeper] com.zaxxer.hikari.pool.HikariPool - HikariPool-6 - Pool stats (total=10, active=0, idle=10, waiting=0)
2025-10-25 21:28:56.492 DEBUG [HikariPool-6 housekeeper] com.zaxxer.hikari.pool.HikariPool - HikariPool-6 - Fill pool skipped, pool has sufficient level or currently being filled (queueDepth=0).
2025-10-25 21:29:26.506 DEBUG [HikariPool-6 housekeeper] com.zaxxer.hikari.pool.HikariPool - HikariPool-6 - Pool stats (total=10, active=0, idle=10, waiting=0)
2025-10-25 21:29:26.506 DEBUG [HikariPool-6 housekeeper] com.zaxxer.hikari.pool.HikariPool - HikariPool-6 - Fill pool skipped, pool has sufficient level or currently being filled (queueDepth=0).
2025-10-25 21:29:56.521 DEBUG [HikariPool-6 housekeeper] com.zaxxer.hikari.pool.HikariPool - HikariPool-6 - Pool stats (total=10, active=0, idle=10, waiting=0)
2025-10-25 21:29:56.521 DEBUG [HikariPool-6 housekeeper] com.zaxxer.hikari.pool.HikariPool - HikariPool-6 - Fill pool skipped, pool has sufficient level or currently being filled (queueDepth=0).
2025-10-25 21:30:01.004 ERROR [MessageBroker-2] c.r.r.s.s.i.FirebaseStorageServiceImpl - Failed to upload to Firebase Storage [bucket=gauva-15d9a.appspot.com, object=app_logs/server_20251025_213000_app.log]: java.lang.IllegalArgumentException: Bucket gauva-15d9a.appspot.com does not exist.
2025-10-25 21:30:01.004 WARN  [MessageBroker-2] c.r.r.service.logs.LogAutoUploader - Auto log upload failed: Upload failed
2025-10-25 21:30:26.530 DEBUG [HikariPool-6 housekeeper] com.zaxxer.hikari.pool.HikariPool - HikariPool-6 - Pool stats (total=10, active=0, idle=10, waiting=0)
2025-10-25 21:30:26.531 DEBUG [HikariPool-6 housekeeper] com.zaxxer.hikari.pool.HikariPool - HikariPool-6 - Fill pool skipped, pool has sufficient level or currently being filled (queueDepth=0).
2025-10-25 21:30:56.538 DEBUG [HikariPool-6 housekeeper] com.zaxxer.hikari.pool.HikariPool - HikariPool-6 - Pool stats (total=10, active=0, idle=10, waiting=0)
2025-10-25 21:30:56.539 DEBUG [HikariPool-6 housekeeper] com.zaxxer.hikari.pool.HikariPool - HikariPool-6 - Fill pool skipped, pool has sufficient level or currently being filled (queueDepth=0).
2025-10-25 21:31:26.546 DEBUG [HikariPool-6 housekeeper] com.zaxxer.hikari.pool.HikariPool - HikariPool-6 - Pool stats (total=10, active=0, idle=10, waiting=0)
2025-10-25 21:31:26.546 DEBUG [HikariPool-6 housekeeper] com.zaxxer.hikari.pool.HikariPool - HikariPool-6 - Fill pool skipped, pool has sufficient level or currently being filled (queueDepth=0).
2025-10-25 21:31:56.561 DEBUG [HikariPool-6 housekeeper] com.zaxxer.hikari.pool.HikariPool - HikariPool-6 - Pool stats (total=10, active=0, idle=10, waiting=0)
2025-10-25 21:31:56.561 DEBUG [HikariPool-6 housekeeper] com.zaxxer.hikari.pool.HikariPool - HikariPool-6 - Fill pool skipped, pool has sufficient level or currently being filled (queueDepth=0).
2025-10-25 21:32:26.567 DEBUG [HikariPool-6 housekeeper] com.zaxxer.hikari.pool.HikariPool - HikariPool-6 - Pool stats (total=10, active=0, idle=10, waiting=0)
2025-10-25 21:32:26.569 DEBUG [HikariPool-6 housekeeper] com.zaxxer.hikari.pool.HikariPool - HikariPool-6 - Fill pool skipped, pool has sufficient level or currently being filled (queueDepth=0).
2025-10-25 21:32:56.572 DEBUG [HikariPool-6 housekeeper] com.zaxxer.hikari.pool.HikariPool - HikariPool-6 - Pool stats (total=10, active=0, idle=10, waiting=0)
2025-10-25 21:32:56.572 DEBUG [HikariPool-6 housekeeper] com.zaxxer.hikari.pool.HikariPool - HikariPool-6 - Fill pool skipped, pool has sufficient level or currently being filled (queueDepth=0).
2025-10-25 21:33:26.586 DEBUG [HikariPool-6 housekeeper] com.zaxxer.hikari.pool.HikariPool - HikariPool-6 - Pool stats (total=10, active=0, idle=10, waiting=0)
2025-10-25 21:33:26.586 DEBUG [HikariPool-6 housekeeper] com.zaxxer.hikari.pool.HikariPool - HikariPool-6 - Fill pool skipped, pool has sufficient level or currently being filled (queueDepth=0).
2025-10-25 21:44:46.456 WARN  [HikariPool-6 housekeeper] com.zaxxer.hikari.pool.HikariPool - HikariPool-6 - Thread starvation or clock leap detected (housekeeper delta=11m20s39ms939µs400ns).
2025-10-25 21:44:46.456 DEBUG [HikariPool-6 housekeeper] com.zaxxer.hikari.pool.HikariPool - HikariPool-6 - Pool stats (total=10, active=0, idle=10, waiting=0)
2025-10-25 21:44:46.456 DEBUG [HikariPool-6 housekeeper] com.zaxxer.hikari.pool.HikariPool - HikariPool-6 - Fill pool skipped, pool has sufficient level or currently being filled (queueDepth=0).
2025-10-25 21:45:16.467 DEBUG [HikariPool-6 housekeeper] com.zaxxer.hikari.pool.HikariPool - HikariPool-6 - Pool stats (total=10, active=0, idle=10, waiting=0)
2025-10-25 21:45:16.467 DEBUG [HikariPool-6 housekeeper] com.zaxxer.hikari.pool.HikariPool - HikariPool-6 - Fill pool skipped, pool has sufficient level or currently being filled (queueDepth=0).
2025-10-25 21:45:46.477 DEBUG [HikariPool-6 housekeeper] com.zaxxer.hikari.pool.HikariPool - HikariPool-6 - Pool stats (total=10, active=0, idle=10, waiting=0)
2025-10-25 21:45:46.478 DEBUG [HikariPool-6 housekeeper] com.zaxxer.hikari.pool.HikariPool - HikariPool-6 - Fill pool skipped, pool has sufficient level or currently being filled (queueDepth=0).
2025-10-25 21:46:16.480 DEBUG [HikariPool-6 housekeeper] com.zaxxer.hikari.pool.HikariPool - HikariPool-6 - Pool stats (total=10, active=0, idle=10, waiting=0)
2025-10-25 21:46:16.480 DEBUG [HikariPool-6 housekeeper] com.zaxxer.hikari.pool.HikariPool - HikariPool-6 - Fill pool skipped, pool has sufficient level or currently being filled (queueDepth=0).
2025-10-25 21:46:45.395 DEBUG [HikariPool-6 connection closer] com.zaxxer.hikari.pool.PoolBase - HikariPool-6 - Closing connection com.mysql.cj.jdbc.ConnectionImpl@54cabbb6: (connection has passed maxLifetime)
2025-10-25 21:46:45.697 DEBUG [HikariPool-6 connection adder] com.zaxxer.hikari.pool.HikariPool - HikariPool-6 - Added connection com.mysql.cj.jdbc.ConnectionImpl@14b793c7
2025-10-25 21:46:46.494 DEBUG [HikariPool-6 housekeeper] com.zaxxer.hikari.pool.HikariPool - HikariPool-6 - Pool stats (total=10, active=0, idle=10, waiting=0)
2025-10-25 21:46:46.494 DEBUG [HikariPool-6 housekeeper] com.zaxxer.hikari.pool.HikariPool - HikariPool-6 - Fill pool skipped, pool has sufficient level or currently being filled (queueDepth=0).
2025-10-25 21:46:47.394 DEBUG [HikariPool-6 connection closer] com.zaxxer.hikari.pool.PoolBase - HikariPool-6 - Closing connection com.mysql.cj.jdbc.ConnectionImpl@2428a4c8: (connection has passed maxLifetime)
2025-10-25 21:46:47.704 DEBUG [HikariPool-6 connection adder] com.zaxxer.hikari.pool.HikariPool - HikariPool-6 - Added connection com.mysql.cj.jdbc.ConnectionImpl@558a99fc
2025-10-25 21:46:49.310 DEBUG [HikariPool-6 connection closer] com.zaxxer.hikari.pool.PoolBase - HikariPool-6 - Closing connection com.mysql.cj.jdbc.ConnectionImpl@719657b3: (connection has passed maxLifetime)
2025-10-25 21:46:49.625 DEBUG [HikariPool-6 connection adder] com.zaxxer.hikari.pool.HikariPool - HikariPool-6 - Added connection com.mysql.cj.jdbc.ConnectionImpl@649529ec
2025-10-25 21:46:50.379 DEBUG [HikariPool-6 connection closer] com.zaxxer.hikari.pool.PoolBase - HikariPool-6 - Closing connection com.mysql.cj.jdbc.ConnectionImpl@15f7b18d: (connection has passed maxLifetime)
2025-10-25 21:46:50.743 DEBUG [HikariPool-6 connection adder] com.zaxxer.hikari.pool.HikariPool - HikariPool-6 - Added connection com.mysql.cj.jdbc.ConnectionImpl@35a566b3
2025-10-25 21:46:51.148 DEBUG [HikariPool-6 connection closer] com.zaxxer.hikari.pool.PoolBase - HikariPool-6 - Closing connection com.mysql.cj.jdbc.ConnectionImpl@443fca81: (connection has passed maxLifetime)
2025-10-25 21:46:51.498 DEBUG [HikariPool-6 connection adder] com.zaxxer.hikari.pool.HikariPool - HikariPool-6 - Added connection com.mysql.cj.jdbc.ConnectionImpl@11df5e9b
2025-10-25 21:47:00.969 DEBUG [HikariPool-6 connection closer] com.zaxxer.hikari.pool.PoolBase - HikariPool-6 - Closing connection com.mysql.cj.jdbc.ConnectionImpl@6f938671: (connection has passed maxLifetime)
2025-10-25 21:47:01.319 DEBUG [HikariPool-6 connection adder] com.zaxxer.hikari.pool.HikariPool - HikariPool-6 - Added connection com.mysql.cj.jdbc.ConnectionImpl@45e16378
2025-10-25 21:47:09.671 DEBUG [HikariPool-6 connection closer] com.zaxxer.hikari.pool.PoolBase - HikariPool-6 - Closing connection com.mysql.cj.jdbc.ConnectionImpl@20c9f740: (connection has passed maxLifetime)
2025-10-25 21:47:09.943 DEBUG [HikariPool-6 connection adder] com.zaxxer.hikari.pool.HikariPool - HikariPool-6 - Added connection com.mysql.cj.jdbc.ConnectionImpl@47ea323
2025-10-25 21:47:10.000 DEBUG [HikariPool-6 connection closer] com.zaxxer.hikari.pool.PoolBase - HikariPool-6 - Closing connection com.mysql.cj.jdbc.ConnectionImpl@75d84ec2: (connection has passed maxLifetime)
2025-10-25 21:47:10.303 DEBUG [HikariPool-6 connection adder] com.zaxxer.hikari.pool.HikariPool - HikariPool-6 - Added connection com.mysql.cj.jdbc.ConnectionImpl@4543a918
2025-10-25 21:47:12.108 DEBUG [HikariPool-6 connection closer] com.zaxxer.hikari.pool.PoolBase - HikariPool-6 - Closing connection com.mysql.cj.jdbc.ConnectionImpl@1730cad5: (connection has passed maxLifetime)
2025-10-25 21:47:12.367 DEBUG [HikariPool-6 connection adder] com.zaxxer.hikari.pool.HikariPool - HikariPool-6 - Added connection com.mysql.cj.jdbc.ConnectionImpl@744cc8fb
2025-10-25 21:47:16.497 DEBUG [HikariPool-6 housekeeper] com.zaxxer.hikari.pool.HikariPool - HikariPool-6 - Pool stats (total=10, active=0, idle=10, waiting=0)
2025-10-25 21:47:16.500 DEBUG [HikariPool-6 housekeeper] com.zaxxer.hikari.pool.HikariPool - HikariPool-6 - Fill pool skipped, pool has sufficient level or currently being filled (queueDepth=0).
2025-10-25 21:47:25.994 DEBUG [HikariPool-6 connection closer] com.zaxxer.hikari.pool.PoolBase - HikariPool-6 - Closing connection com.mysql.cj.jdbc.ConnectionImpl@25089968: (connection has passed maxLifetime)
2025-10-25 21:47:26.371 DEBUG [HikariPool-6 connection adder] com.zaxxer.hikari.pool.HikariPool - HikariPool-6 - Added connection com.mysql.cj.jdbc.ConnectionImpl@26a52e40
2025-10-25 21:47:46.506 DEBUG [HikariPool-6 housekeeper] com.zaxxer.hikari.pool.HikariPool - HikariPool-6 - Pool stats (total=10, active=0, idle=10, waiting=0)
2025-10-25 21:47:46.507 DEBUG [HikariPool-6 housekeeper] com.zaxxer.hikari.pool.HikariPool - HikariPool-6 - Fill pool skipped, pool has sufficient level or currently being filled (queueDepth=0).
2025-10-25 21:48:16.512 DEBUG [HikariPool-6 housekeeper] com.zaxxer.hikari.pool.HikariPool - HikariPool-6 - Pool stats (total=10, active=0, idle=10, waiting=0)
2025-10-25 21:48:16.512 DEBUG [HikariPool-6 housekeeper] com.zaxxer.hikari.pool.HikariPool - HikariPool-6 - Fill pool skipped, pool has sufficient level or currently being filled (queueDepth=0).
2025-10-25 21:48:46.523 DEBUG [HikariPool-6 housekeeper] com.zaxxer.hikari.pool.HikariPool - HikariPool-6 - Pool stats (total=10, active=0, idle=10, waiting=0)
2025-10-25 21:48:46.524 DEBUG [HikariPool-6 housekeeper] com.zaxxer.hikari.pool.HikariPool - HikariPool-6 - Fill pool skipped, pool has sufficient level or currently being filled (queueDepth=0).
2025-10-25 21:49:16.529 DEBUG [HikariPool-6 housekeeper] com.zaxxer.hikari.pool.HikariPool - HikariPool-6 - Pool stats (total=10, active=0, idle=10, waiting=0)
2025-10-25 21:49:16.529 DEBUG [HikariPool-6 housekeeper] com.zaxxer.hikari.pool.HikariPool - HikariPool-6 - Fill pool skipped, pool has sufficient level or currently being filled (queueDepth=0).
2025-10-25 21:49:46.538 DEBUG [HikariPool-6 housekeeper] com.zaxxer.hikari.pool.HikariPool - HikariPool-6 - Pool stats (total=10, active=0, idle=10, waiting=0)
2025-10-25 21:49:46.538 DEBUG [HikariPool-6 housekeeper] com.zaxxer.hikari.pool.HikariPool - HikariPool-6 - Fill pool skipped, pool has sufficient level or currently being filled (queueDepth=0).
2025-10-25 21:50:16.540 DEBUG [HikariPool-6 housekeeper] com.zaxxer.hikari.pool.HikariPool - HikariPool-6 - Pool stats (total=10, active=0, idle=10, waiting=0)
2025-10-25 21:50:16.540 DEBUG [HikariPool-6 housekeeper] com.zaxxer.hikari.pool.HikariPool - HikariPool-6 - Fill pool skipped, pool has sufficient level or currently being filled (queueDepth=0).
2025-10-25 21:50:46.553 DEBUG [HikariPool-6 housekeeper] com.zaxxer.hikari.pool.HikariPool - HikariPool-6 - Pool stats (total=10, active=0, idle=10, waiting=0)
2025-10-25 21:50:46.553 DEBUG [HikariPool-6 housekeeper] com.zaxxer.hikari.pool.HikariPool - HikariPool-6 - Fill pool skipped, pool has sufficient level or currently being filled (queueDepth=0).
2025-10-25 21:51:16.569 DEBUG [HikariPool-6 housekeeper] com.zaxxer.hikari.pool.HikariPool - HikariPool-6 - Pool stats (total=10, active=0, idle=10, waiting=0)
2025-10-25 21:51:16.571 DEBUG [HikariPool-6 housekeeper] com.zaxxer.hikari.pool.HikariPool - HikariPool-6 - Fill pool skipped, pool has sufficient level or currently being filled (queueDepth=0).
2025-10-25 21:51:46.578 DEBUG [HikariPool-6 housekeeper] com.zaxxer.hikari.pool.HikariPool - HikariPool-6 - Pool stats (total=10, active=0, idle=10, waiting=0)
2025-10-25 21:51:46.579 DEBUG [HikariPool-6 housekeeper] com.zaxxer.hikari.pool.HikariPool - HikariPool-6 - Fill pool skipped, pool has sufficient level or currently being filled (queueDepth=0).
2025-10-25 21:52:16.587 DEBUG [HikariPool-6 housekeeper] com.zaxxer.hikari.pool.HikariPool - HikariPool-6 - Pool stats (total=10, active=0, idle=10, waiting=0)
2025-10-25 21:52:16.588 DEBUG [HikariPool-6 housekeeper] com.zaxxer.hikari.pool.HikariPool - HikariPool-6 - Fill pool skipped, pool has sufficient level or currently being filled (queueDepth=0).
2025-10-25 21:52:46.603 DEBUG [HikariPool-6 housekeeper] com.zaxxer.hikari.pool.HikariPool - HikariPool-6 - Pool stats (total=10, active=0, idle=10, waiting=0)
2025-10-25 21:52:46.605 DEBUG [HikariPool-6 housekeeper] com.zaxxer.hikari.pool.HikariPool - HikariPool-6 - Fill pool skipped, pool has sufficient level or currently being filled (queueDepth=0).
2025-10-25 21:53:16.608 DEBUG [HikariPool-6 housekeeper] com.zaxxer.hikari.pool.HikariPool - HikariPool-6 - Pool stats (total=10, active=0, idle=10, waiting=0)
2025-10-25 21:53:16.608 DEBUG [HikariPool-6 housekeeper] com.zaxxer.hikari.pool.HikariPool - HikariPool-6 - Fill pool skipped, pool has sufficient level or currently being filled (queueDepth=0).
2025-10-25 21:53:46.611 DEBUG [HikariPool-6 housekeeper] com.zaxxer.hikari.pool.HikariPool - HikariPool-6 - Pool stats (total=10, active=0, idle=10, waiting=0)
2025-10-25 21:53:46.613 DEBUG [HikariPool-6 housekeeper] com.zaxxer.hikari.pool.HikariPool - HikariPool-6 - Fill pool skipped, pool has sufficient level or currently being filled (queueDepth=0).
2025-10-25 21:54:16.622 DEBUG [HikariPool-6 housekeeper] com.zaxxer.hikari.pool.HikariPool - HikariPool-6 - Pool stats (total=10, active=0, idle=10, waiting=0)
2025-10-25 21:54:16.622 DEBUG [HikariPool-6 housekeeper] com.zaxxer.hikari.pool.HikariPool - HikariPool-6 - Fill pool skipped, pool has sufficient level or currently being filled (queueDepth=0).
2025-10-25 21:54:46.634 DEBUG [HikariPool-6 housekeeper] com.zaxxer.hikari.pool.HikariPool - HikariPool-6 - Pool stats (total=10, active=0, idle=10, waiting=0)
2025-10-25 21:54:46.635 DEBUG [HikariPool-6 housekeeper] com.zaxxer.hikari.pool.HikariPool - HikariPool-6 - Fill pool skipped, pool has sufficient level or currently being filled (queueDepth=0).
2025-10-25 21:55:01.446 DEBUG [SpringApplicationShutdownHook] o.s.b.a.ApplicationAvailabilityBean - Application availability state ReadinessState changed from ACCEPTING_TRAFFIC to REFUSING_TRAFFIC
2025-10-25 21:55:01.448 DEBUG [SpringApplicationShutdownHook] o.s.b.w.s.c.AnnotationConfigServletWebServerApplicationContext - Closing org.springframework.boot.web.servlet.context.AnnotationConfigServletWebServerApplicationContext@56f03795, started on Sat Oct 25 21:17:23 IST 2025
2025-10-25 21:55:01.451 DEBUG [SpringApplicationShutdownHook] o.s.c.s.DefaultLifecycleProcessor - Stopping beans in phase 2147483647
2025-10-25 21:55:01.451 DEBUG [SpringApplicationShutdownHook] o.s.c.s.DefaultLifecycleProcessor - Bean 'stompWebSocketHandlerMapping' completed its stop procedure
2025-10-25 21:55:01.451 DEBUG [SpringApplicationShutdownHook] o.s.m.s.ExecutorSubscribableChannel - clientOutboundChannel removed SubProtocolWebSocketHandler[StompSubProtocolHandler[v10.stomp, v11.stomp, v12.stomp]]
2025-10-25 21:55:01.451 DEBUG [SpringApplicationShutdownHook] o.s.c.s.DefaultLifecycleProcessor - Bean 'subProtocolWebSocketHandler' completed its stop procedure
2025-10-25 21:55:01.451 DEBUG [SpringApplicationShutdownHook] o.s.c.s.DefaultLifecycleProcessor - Bean 'clientInboundChannelExecutor' completed its stop procedure
2025-10-25 21:55:01.451 DEBUG [SpringApplicationShutdownHook] o.s.c.s.DefaultLifecycleProcessor - Bean 'clientOutboundChannelExecutor' completed its stop procedure
2025-10-25 21:55:01.451 DEBUG [SpringApplicationShutdownHook] o.s.c.s.DefaultLifecycleProcessor - Bean 'brokerChannelExecutor' completed its stop procedure
2025-10-25 21:55:01.451 DEBUG [SpringApplicationShutdownHook] o.s.m.s.ExecutorSubscribableChannel - clientInboundChannel removed WebSocketAnnotationMethodMessageHandler[prefixes=[/app/]]
2025-10-25 21:55:01.451 DEBUG [SpringApplicationShutdownHook] o.s.c.s.DefaultLifecycleProcessor - Bean 'simpAnnotationMethodMessageHandler' completed its stop procedure
2025-10-25 21:55:01.451 INFO  [SpringApplicationShutdownHook] o.s.m.s.b.SimpleBrokerMessageHandler - Stopping...
2025-10-25 21:55:01.451 INFO  [SpringApplicationShutdownHook] o.s.m.s.b.SimpleBrokerMessageHandler - BrokerAvailabilityEvent[available=false, SimpleBrokerMessageHandler [org.springframework.messaging.simp.broker.DefaultSubscriptionRegistry@4ba8251d]]
2025-10-25 21:55:01.451 DEBUG [SpringApplicationShutdownHook] o.s.m.s.ExecutorSubscribableChannel - clientInboundChannel removed SimpleBrokerMessageHandler [org.springframework.messaging.simp.broker.DefaultSubscriptionRegistry@4ba8251d]
2025-10-25 21:55:01.451 DEBUG [SpringApplicationShutdownHook] o.s.m.s.ExecutorSubscribableChannel - brokerChannel removed SimpleBrokerMessageHandler [org.springframework.messaging.simp.broker.DefaultSubscriptionRegistry@4ba8251d]
2025-10-25 21:55:01.451 INFO  [SpringApplicationShutdownHook] o.s.m.s.b.SimpleBrokerMessageHandler - Stopped.
2025-10-25 21:55:01.451 DEBUG [SpringApplicationShutdownHook] o.s.c.s.DefaultLifecycleProcessor - Bean 'simpleBrokerMessageHandler' completed its stop procedure
2025-10-25 21:55:01.451 DEBUG [SpringApplicationShutdownHook] o.s.m.s.ExecutorSubscribableChannel - clientInboundChannel removed UserDestinationMessageHandler[DefaultUserDestinationResolver[prefix=/user/]]
2025-10-25 21:55:01.451 DEBUG [SpringApplicationShutdownHook] o.s.m.s.ExecutorSubscribableChannel - brokerChannel removed UserDestinationMessageHandler[DefaultUserDestinationResolver[prefix=/user/]]
2025-10-25 21:55:01.451 DEBUG [SpringApplicationShutdownHook] o.s.c.s.DefaultLifecycleProcessor - Bean 'userDestinationMessageHandler' completed its stop procedure
2025-10-25 21:55:01.451 DEBUG [SpringApplicationShutdownHook] o.s.c.s.DefaultLifecycleProcessor - Stopping beans in phase 2147482623
2025-10-25 21:55:01.451 DEBUG [SpringApplicationShutdownHook] o.s.c.s.DefaultLifecycleProcessor - Bean 'webServerGracefulShutdown' completed its stop procedure
2025-10-25 21:55:01.451 DEBUG [SpringApplicationShutdownHook] o.s.c.s.DefaultLifecycleProcessor - Stopping beans in phase 2147481599
2025-10-25 21:55:01.470 DEBUG [SpringApplicationShutdownHook] o.s.c.s.DefaultLifecycleProcessor - Bean 'webServerStartStop' completed its stop procedure
2025-10-25 21:55:01.470 DEBUG [SpringApplicationShutdownHook] o.s.c.s.DefaultLifecycleProcessor - Stopping beans in phase 0
2025-10-25 21:55:01.470 DEBUG [SpringApplicationShutdownHook] io.lettuce.core.AbstractRedisClient - Initiate shutdown (100, 100, MILLISECONDS)
2025-10-25 21:55:01.470 DEBUG [SpringApplicationShutdownHook] i.l.c.r.DefaultClientResources - Initiate shutdown (100, 100, MILLISECONDS)
2025-10-25 21:55:01.471 DEBUG [SpringApplicationShutdownHook] i.l.c.r.DefaultEventLoopGroupProvider - Initiate shutdown (100, 100, MILLISECONDS)
2025-10-25 21:55:01.576 DEBUG [SpringApplicationShutdownHook] o.s.c.s.DefaultLifecycleProcessor - Bean 'redisConnectionFactory' completed its stop procedure
2025-10-25 21:55:01.576 DEBUG [SpringApplicationShutdownHook] o.s.c.s.DefaultLifecycleProcessor - Stopping beans in phase -2147483647
2025-10-25 21:55:01.576 DEBUG [SpringApplicationShutdownHook] o.s.c.s.DefaultLifecycleProcessor - Bean 'springBootLoggingLifecycle' completed its stop procedure
2025-10-25 21:55:01.577 DEBUG [SpringApplicationShutdownHook] o.s.d.r.l.RedisMessageListenerContainer - Stopped RedisMessageListenerContainer
2025-10-25 21:55:01.578 DEBUG [SpringApplicationShutdownHook] o.s.b.a.e.jmx.JmxEndpointExporter - Unregister endpoint with ObjectName 'org.springframework.boot:type=Endpoint,name=Beans' from the JMX domain
2025-10-25 21:55:01.578 DEBUG [SpringApplicationShutdownHook] o.s.b.a.e.jmx.JmxEndpointExporter - Unregister endpoint with ObjectName 'org.springframework.boot:type=Endpoint,name=Caches' from the JMX domain
2025-10-25 21:55:01.578 DEBUG [SpringApplicationShutdownHook] o.s.b.a.e.jmx.JmxEndpointExporter - Unregister endpoint with ObjectName 'org.springframework.boot:type=Endpoint,name=Health' from the JMX domain
2025-10-25 21:55:01.578 DEBUG [SpringApplicationShutdownHook] o.s.b.a.e.jmx.JmxEndpointExporter - Unregister endpoint with ObjectName 'org.springframework.boot:type=Endpoint,name=Info' from the JMX domain
2025-10-25 21:55:01.578 DEBUG [SpringApplicationShutdownHook] o.s.b.a.e.jmx.JmxEndpointExporter - Unregister endpoint with ObjectName 'org.springframework.boot:type=Endpoint,name=Conditions' from the JMX domain
2025-10-25 21:55:01.578 DEBUG [SpringApplicationShutdownHook] o.s.b.a.e.jmx.JmxEndpointExporter - Unregister endpoint with ObjectName 'org.springframework.boot:type=Endpoint,name=Configprops' from the JMX domain
2025-10-25 21:55:01.578 DEBUG [SpringApplicationShutdownHook] o.s.b.a.e.jmx.JmxEndpointExporter - Unregister endpoint with ObjectName 'org.springframework.boot:type=Endpoint,name=Env' from the JMX domain
2025-10-25 21:55:01.578 DEBUG [SpringApplicationShutdownHook] o.s.b.a.e.jmx.JmxEndpointExporter - Unregister endpoint with ObjectName 'org.springframework.boot:type=Endpoint,name=Loggers' from the JMX domain
2025-10-25 21:55:01.578 DEBUG [SpringApplicationShutdownHook] o.s.b.a.e.jmx.JmxEndpointExporter - Unregister endpoint with ObjectName 'org.springframework.boot:type=Endpoint,name=Threaddump' from the JMX domain
2025-10-25 21:55:01.578 DEBUG [SpringApplicationShutdownHook] o.s.b.a.e.jmx.JmxEndpointExporter - Unregister endpoint with ObjectName 'org.springframework.boot:type=Endpoint,name=Metrics' from the JMX domain
2025-10-25 21:55:01.578 DEBUG [SpringApplicationShutdownHook] o.s.b.a.e.jmx.JmxEndpointExporter - Unregister endpoint with ObjectName 'org.springframework.boot:type=Endpoint,name=Scheduledtasks' from the JMX domain
2025-10-25 21:55:01.578 DEBUG [SpringApplicationShutdownHook] o.s.b.a.e.jmx.JmxEndpointExporter - Unregister endpoint with ObjectName 'org.springframework.boot:type=Endpoint,name=Mappings' from the JMX domain
2025-10-25 21:55:01.578 DEBUG [SpringApplicationShutdownHook] o.s.j.e.a.AnnotationMBeanExporter - Unregistering JMX-exposed beans on shutdown
2025-10-25 21:55:01.579 DEBUG [SpringApplicationShutdownHook] o.s.j.e.a.AnnotationMBeanExporter - Unregistering JMX-exposed beans
2025-10-25 21:55:01.579 DEBUG [SpringApplicationShutdownHook] i.l.c.r.DefaultClientResources - Initiate shutdown (0, 2, SECONDS)
2025-10-25 21:55:01.579 DEBUG [SpringApplicationShutdownHook] i.l.c.r.DefaultEventLoopGroupProvider - Initiate shutdown (0, 2, SECONDS)
2025-10-25 21:55:01.582 DEBUG [SpringApplicationShutdownHook] o.s.b.f.s.DisposableBeanAdapter - Custom destroy method 'shutdown' on bean with name 'lettuceClientResources' completed asynchronously
2025-10-25 21:55:01.584 DEBUG [SpringApplicationShutdownHook] o.s.s.c.ThreadPoolTaskScheduler - Shutting down ExecutorService 'messageBrokerTaskScheduler'
2025-10-25 21:55:01.584 DEBUG [SpringApplicationShutdownHook] o.s.s.c.ThreadPoolTaskExecutor - Shutting down ExecutorService 'brokerChannelExecutor'
2025-10-25 21:55:01.584 DEBUG [SpringApplicationShutdownHook] o.s.s.c.ThreadPoolTaskExecutor - Shutting down ExecutorService 'clientOutboundChannelExecutor'
2025-10-25 21:55:01.586 DEBUG [SpringApplicationShutdownHook] o.s.s.c.ThreadPoolTaskExecutor - Shutting down ExecutorService 'clientInboundChannelExecutor'
2025-10-25 21:55:01.589 INFO  [SpringApplicationShutdownHook] o.s.o.j.LocalContainerEntityManagerFactoryBean - Closing JPA EntityManagerFactory for persistence unit 'default'
2025-10-25 21:55:01.589 DEBUG [SpringApplicationShutdownHook] o.h.internal.SessionFactoryImpl - HHH000031: Closing
2025-10-25 21:55:01.589 DEBUG [SpringApplicationShutdownHook] o.h.type.spi.TypeConfiguration$Scope - Un-scoping TypeConfiguration [org.hibernate.type.spi.TypeConfiguration$Scope@5005c16e] from SessionFactory [org.hibernate.internal.SessionFactoryImpl@691290bf]
2025-10-25 21:55:01.589 DEBUG [SpringApplicationShutdownHook] o.h.s.i.AbstractServiceRegistryImpl - Implicitly destroying ServiceRegistry on de-registration of all child ServiceRegistries
2025-10-25 21:55:01.589 DEBUG [SpringApplicationShutdownHook] o.h.b.r.i.BootstrapServiceRegistryImpl - Implicitly destroying Boot-strap registry on de-registration of all child ServiceRegistries
2025-10-25 21:55:01.590 INFO  [SpringApplicationShutdownHook] com.zaxxer.hikari.HikariDataSource - HikariPool-6 - Shutdown initiated...
2025-10-25 21:55:01.590 DEBUG [SpringApplicationShutdownHook] com.zaxxer.hikari.pool.HikariPool - HikariPool-6 - Before shutdown stats (total=10, active=0, idle=10, waiting=0)
2025-10-25 21:55:01.590 DEBUG [HikariPool-6 connection closer] com.zaxxer.hikari.pool.PoolBase - HikariPool-6 - Closing connection com.mysql.cj.jdbc.ConnectionImpl@14b793c7: (connection evicted)
2025-10-25 21:55:01.590 DEBUG [HikariPool-6 connection closer] com.zaxxer.hikari.pool.PoolBase - HikariPool-6 - Closing connection com.mysql.cj.jdbc.ConnectionImpl@558a99fc: (connection evicted)
2025-10-25 21:55:01.592 DEBUG [HikariPool-6 connection closer] com.zaxxer.hikari.pool.PoolBase - HikariPool-6 - Closing connection com.mysql.cj.jdbc.ConnectionImpl@649529ec: (connection evicted)
2025-10-25 21:55:01.592 DEBUG [HikariPool-6 connection closer] com.zaxxer.hikari.pool.PoolBase - HikariPool-6 - Closing connection com.mysql.cj.jdbc.ConnectionImpl@35a566b3: (connection evicted)
2025-10-25 21:55:01.592 DEBUG [HikariPool-6 connection closer] com.zaxxer.hikari.pool.PoolBase - HikariPool-6 - Closing connection com.mysql.cj.jdbc.ConnectionImpl@11df5e9b: (connection evicted)
2025-10-25 21:55:01.592 DEBUG [HikariPool-6 connection closer] com.zaxxer.hikari.pool.PoolBase - HikariPool-6 - Closing connection com.mysql.cj.jdbc.ConnectionImpl@45e16378: (connection evicted)
2025-10-25 21:55:01.592 DEBUG [HikariPool-6 connection closer] com.zaxxer.hikari.pool.PoolBase - HikariPool-6 - Closing connection com.mysql.cj.jdbc.ConnectionImpl@47ea323: (connection evicted)
2025-10-25 21:55:01.592 DEBUG [HikariPool-6 connection closer] com.zaxxer.hikari.pool.PoolBase - HikariPool-6 - Closing connection com.mysql.cj.jdbc.ConnectionImpl@4543a918: (connection evicted)
2025-10-25 21:55:01.592 DEBUG [HikariPool-6 connection closer] com.zaxxer.hikari.pool.PoolBase - HikariPool-6 - Closing connection com.mysql.cj.jdbc.ConnectionImpl@744cc8fb: (connection evicted)
2025-10-25 21:55:01.593 DEBUG [HikariPool-6 connection closer] com.zaxxer.hikari.pool.PoolBase - HikariPool-6 - Closing connection com.mysql.cj.jdbc.ConnectionImpl@26a52e40: (connection evicted)
2025-10-25 21:55:01.593 DEBUG [SpringApplicationShutdownHook] com.zaxxer.hikari.pool.HikariPool - HikariPool-6 - After shutdown stats (total=0, active=0, idle=0, waiting=0)
2025-10-25 21:55:01.593 INFO  [SpringApplicationShutdownHook] com.zaxxer.hikari.HikariDataSource - HikariPool-6 - Shutdown completed.
2025-10-25 21:55:01.593 DEBUG [SpringApplicationShutdownHook] o.s.b.f.s.DisposableBeanAdapter - Custom destroy method 'close' on bean with name 'simpleMeterRegistry' completed
